<?xml version="1.0" encoding="UTF-8"?>
<testsuite xmlns:xsi="http://www.w3.org/2001/XMLSchema-instance" xsi:noNamespaceSchemaLocation="https://maven.apache.org/surefire/maven-surefire-plugin/xsd/surefire-test-report-3.0.xsd" version="3.0" name="com.sebastian_daschner.coffee_shop.orders.boundary.CoffeeShopUseCaseTest" time="0.172" tests="3" errors="0" skipped="1" failures="0">
  <properties>
[...]
</properties>
  <testcase name="" classname="com.sebastian_daschner.coffee_shop.orders.boundary.CoffeeShopQuarkusTest" time="0">
    <skipped message="too slow"/>
  </testcase>
  <testcase name="testCreateOrder" classname="com.sebastian_daschner.coffee_shop.orders.boundary.CoffeeShopUseCaseTest" time="0.165"/>
  <testcase name="testProcessUnfinishedOrders" classname="com.sebastian_daschner.coffee_shop.orders.boundary.CoffeeShopUseCaseTest" time="0.005"/>
</testsuite>